\BOOKMARK [1][-]{section.1}{\376\377\000I\000n\000t\000r\000o\000d\000u\000c\000t\000i\000o\000n}{}% 1
\BOOKMARK [1][-]{section.2}{\376\377\000H\000i\000g\000g\000s\000\040\000p\000r\000o\000d\000u\000c\000t\000i\000o\000n\000\040\000a\000n\000d\000\040\000d\000e\000c\000a\000y\000\040\000i\000n\000\040\000t\000h\000e\000\040\000S\000t\000a\000n\000d\000a\000r\000d\000\040\000M\000o\000d\000e\000l}{}% 2
\BOOKMARK [2][-]{subsection.2.1}{\376\377\000H\000i\000g\000g\000s\000\040\000B\000o\000s\000o\000n\000\040\000P\000r\000o\000d\000u\000c\000t\000i\000o\000n}{section.2}% 3
\BOOKMARK [3][-]{subsubsection.2.1.1}{\376\377\000G\000l\000u\000o\000n\000-\000g\000l\000u\000o\000n\000\040\000f\000u\000s\000i\000o\000n}{subsection.2.1}% 4
\BOOKMARK [3][-]{subsubsection.2.1.2}{\376\377\000V\000e\000c\000t\000o\000r\000-\000b\000o\000s\000o\000n\000\040\000f\000u\000s\000i\000o\000n}{subsection.2.1}% 5
\BOOKMARK [3][-]{subsubsection.2.1.3}{\376\377\000P\000r\000o\000d\000u\000c\000t\000i\000o\000n\000\040\000o\000f\000\040\000a\000\040\000H\000i\000g\000g\000s\000\040\000b\000o\000s\000o\000n\000\040\000w\000i\000t\000h\000\040\000w\000e\000a\000k\000\040\000g\000a\000u\000g\000e\000\040\000b\000o\000s\000o\000n\000s\000/\000H\000i\000g\000g\000s\000-\000s\000t\000r\000a\000h\000l\000u\000n\000g}{subsection.2.1}% 6
\BOOKMARK [3][-]{subsubsection.2.1.4}{\376\377\000P\000r\000o\000d\000u\000c\000t\000i\000o\000n\000\040\000o\000f\000\040\000a\000\040\000H\000i\000g\000g\000s\000\040\000b\000o\000s\000o\000n\000\040\000w\000i\000t\000h\000\040\000h\000e\000a\000v\000y\000\040\000q\000u\000a\000r\000k\000s}{subsection.2.1}% 7
\BOOKMARK [2][-]{subsection.2.2}{\376\377\000H\000i\000g\000g\000s\000\040\000B\000o\000s\000o\000n\000\040\000D\000e\000c\000a\000y}{section.2}% 8
\BOOKMARK [3][-]{subsubsection.2.2.1}{\376\377\000F\000e\000r\000m\000i\000o\000n\000i\000c\000\040\000d\000e\000c\000a\000y\000\040\000c\000h\000a\000n\000n\000e\000l}{subsection.2.2}% 9
\BOOKMARK [3][-]{subsubsection.2.2.2}{\376\377\000L\000o\000o\000p\000-\000i\000n\000d\000u\000c\000e\000d\000\040\000d\000e\000c\000a\000y\000\040\000c\000h\000a\000n\000n\000e\000l\000s\000\040\000w\000i\000t\000h\000\040\000m\000a\000s\000s\000l\000e\000s\000s\000\040\000f\000i\000n\000a\000l\000\040\000s\000t\000a\000t\000e\000\040\000p\000a\000r\000t\000i\000c\000l\000e\000s}{subsection.2.2}% 10
\BOOKMARK [3][-]{subsubsection.2.2.3}{\376\377\000V\000e\000c\000t\000o\000r\000-\000b\000o\000s\000o\000n\000\040\000d\000e\000c\000a\000y\000\040\000c\000h\000a\000n\000n\000e\000l}{subsection.2.2}% 11
\BOOKMARK [1][-]{section.3}{\376\377\000H\000i\000g\000g\000s\000\040\000b\000o\000s\000o\000n\000\040\000d\000i\000s\000c\000o\000v\000e\000r\000y\000\040\000c\000h\000a\000n\000n\000e\000l\000s}{}% 12
\BOOKMARK [2][-]{subsection.3.1}{\376\377\000H\000Z\000Z\000\040}{section.3}% 13
\BOOKMARK [3][-]{subsubsection.3.1.1}{\376\377\000Z\000Z\000\040\000+\000-\000\040\000+\000-}{subsection.3.1}% 14
\BOOKMARK [3][-]{subsubsection.3.1.2}{\376\377\000Z\000Z\000\040\000+\000-\000\040}{subsection.3.1}% 15
\BOOKMARK [3][-]{subsubsection.3.1.3}{\376\377\000Z\000Z\000\040\000+\000-\000\040\000q\000\040}{subsection.3.1}% 16
\BOOKMARK [2][-]{subsection.3.2}{\376\377\000H}{section.3}% 17
\BOOKMARK [2][-]{subsection.3.3}{\376\377\000H\000W\000+\000W\000-\000\040}{section.3}% 18
\BOOKMARK [3][-]{subsubsection.3.3.1}{\376\377\000H\000\040\000W\000+\000W\000-\000\040\000-\000\040\000+\000\040}{subsection.3.3}% 19
\BOOKMARK [3][-]{subsubsection.3.3.2}{\376\377\000H\000\040\000W\000+\000W\000-\000\040\000q\000\040\000\040}{subsection.3.3}% 20
\BOOKMARK [1][-]{section.4}{\376\377\000H\000i\000g\000g\000s\000\040\000b\000o\000s\000o\000n\000\040\000s\000e\000a\000r\000c\000h\000e\000s\000\040\000u\000s\000i\000n\000g\000\040\000v\000e\000c\000t\000o\000r\000\040\000b\000o\000s\000o\000n\000\040\000f\000u\000s\000i\000o\000n}{}% 21
\BOOKMARK [2][-]{subsection.4.1}{\376\377\000q\000q\000H\000\040\000q\000q\000W\000W\000\050\000*\000\051}{section.4}% 22
\BOOKMARK [2][-]{subsection.4.2}{\376\377\000q\000q\000H\000\040\000q\000q}{section.4}% 23
\BOOKMARK [2][-]{subsection.4.3}{\376\377\000q\000q\000H\000\040\000q\000q}{section.4}% 24
\BOOKMARK [2][-]{subsection.4.4}{\376\377\000q\000q\000H\000\040\000q\000q\000Z\000Z\000*}{section.4}% 25
\BOOKMARK [2][-]{subsection.4.5}{\376\377\000q\000q\000H\000\040\000q\000q\000b\000\040}{section.4}% 26
\BOOKMARK [2][-]{subsection.4.6}{\376\377\000D\000i\000s\000c\000o\000v\000e\000r\000y\000\040\000p\000o\000t\000e\000n\000t\000i\000a\000l\000s\000\040\000i\000n\000\040\000t\000h\000e\000\040\000v\000e\000c\000t\000o\000r\000\040\000b\000o\000s\000o\000n\000\040\000f\000u\000s\000i\000o\000n\000\040\000c\000h\000a\000n\000n\000e\000l\000s}{section.4}% 27
\BOOKMARK [1][-]{section.5}{\376\377\000C\000o\000n\000c\000l\000u\000s\000i\000o\000n\000s}{}% 28
